c:\users\bernardo lopes\source\repos\mfconnect\x64\debug\mfconnect.pch
c:\users\bernardo lopes\source\repos\mfconnect\x64\debug\vc142.pdb
c:\users\bernardo lopes\source\repos\mfconnect\x64\debug\vc142.idb
c:\users\bernardo lopes\source\repos\mfconnect\x64\debug\pch.obj
c:\users\bernardo lopes\source\repos\mfconnect\x64\debug\myconnectorclassdb.obj
c:\users\bernardo lopes\source\repos\mfconnect\x64\debug\mfconnectdlg.obj
c:\users\bernardo lopes\source\repos\mfconnect\x64\debug\mfconnect.obj
c:\users\bernardo lopes\source\repos\mfconnect\x64\debug\mfconnect.res
c:\users\bernardo lopes\source\repos\mfconnect\x64\debug\mfconnect.pdb
c:\users\bernardo lopes\source\repos\mfconnect\x64\debug\mfconnect.tlog\cl.command.1.tlog
c:\users\bernardo lopes\source\repos\mfconnect\x64\debug\mfconnect.tlog\cl.read.1.tlog
c:\users\bernardo lopes\source\repos\mfconnect\x64\debug\mfconnect.tlog\cl.write.1.tlog
c:\users\bernardo lopes\source\repos\mfconnect\x64\debug\mfconnect.tlog\link-cvtres.read.1.tlog
c:\users\bernardo lopes\source\repos\mfconnect\x64\debug\mfconnect.tlog\link-cvtres.write.1.tlog
c:\users\bernardo lopes\source\repos\mfconnect\x64\debug\mfconnect.tlog\link-mt.read.1.tlog
c:\users\bernardo lopes\source\repos\mfconnect\x64\debug\mfconnect.tlog\link-mt.write.1.tlog
c:\users\bernardo lopes\source\repos\mfconnect\x64\debug\mfconnect.tlog\link-rc.read.1.tlog
c:\users\bernardo lopes\source\repos\mfconnect\x64\debug\mfconnect.tlog\link-rc.write.1.tlog
c:\users\bernardo lopes\source\repos\mfconnect\x64\debug\mfconnect.tlog\link.command.1.tlog
c:\users\bernardo lopes\source\repos\mfconnect\x64\debug\mfconnect.tlog\link.read.1.tlog
c:\users\bernardo lopes\source\repos\mfconnect\x64\debug\mfconnect.tlog\link.write.1.tlog
c:\users\bernardo lopes\source\repos\mfconnect\x64\debug\mfconnect.tlog\rc.command.1.tlog
c:\users\bernardo lopes\source\repos\mfconnect\x64\debug\mfconnect.tlog\rc.read.1.tlog
c:\users\bernardo lopes\source\repos\mfconnect\x64\debug\mfconnect.tlog\rc.write.1.tlog
